<?xml version="1.0" encoding="UTF-8"?>
<testng-results ignored="0" total="1" passed="1" failed="0" skipped="0">
  <reporter-output>
  </reporter-output>
  <suite started-at="2022-08-01T18:25:47 IST" name="Default suite" finished-at="2022-08-01T18:25:47 IST" duration-ms="27">
    <groups>
    </groups>
    <test started-at="2022-08-01T18:25:47 IST" name="Default test" finished-at="2022-08-01T18:25:47 IST" duration-ms="27">
      <class name="SampleDemo">
        <test-method signature="main()[pri:0, instance:SampleDemo@5136d012]" started-at="2022-08-01T18:25:47 IST" name="main" finished-at="2022-08-01T18:25:47 IST" duration-ms="5" status="PASS">
          <reporter-output>
          </reporter-output>
        </test-method> <!-- main -->
      </class> <!-- SampleDemo -->
    </test> <!-- Default test -->
  </suite> <!-- Default suite -->
</testng-results>
